Arguments: 
  C:\Program Files\nodejs\node.exe C:\Users\Odusanya\AppData\Roaming\npm\node_modules\yarn\bin\yarn.js add @symfony/webpack-encore --dev

PATH: 
  C:\PROGRAM FILES\DELL\DW WLAN CARD;C:\Windows\SYSTEM32;C:\Windows;C:\Windows\SYSTEM32\WBEM;C:\Windows\SYSTEM32\WINDOWSPOWERSHELL\V1.0\;c:\Program Files\WIDCOMM\Bluetooth Software\;c:\Program Files\WIDCOMM\Bluetooth Software\syswow64;C:\Program Files (x86)\Skype\Phone\;C:\Program Files\Git\cmd;C:\xampp\php;C:\ProgramData\ComposerSetup\bin;C:\Program Files\nodejs\;C:\Users\Odusanya\AppData\Roaming\Composer\vendor\bin;C:\Users\Odusanya\AppData\Roaming\npm;C:\Users\Odusanya\AppData\Local\GitHubDesktop\bin; C:\Programs\Blackfire;  C:\Programs\curl\src;

Yarn version: 
  0.27.5

Node version: 
  6.11.2

Platform: 
  win32 x64

npm manifest: 
  {
    "name": "partycravings-semantic",
    "version": "1.0.0",
    "description": "This contains PartyCravings Frontend (semantic-ui version)",
    "main": "index.js",
    "dependencies": {
      "gulp": "^3.9.1",
      "jquery": "^3.2.1",
      "semantic-ui": "^2.2.13",
      "semantic-ui-css": "^2.2.12"
    },
    "devDependencies": {},
    "scripts": {
      "test": "echo \"Error: no test specified\" && exit 1"
    },
    "repository": {
      "type": "git",
      "url": "git+https://github.com/PartyCravings/web-app.git"
    },
    "keywords": [
      "semantic-ui",
      "semantic",
      "clean-ui",
      "partycravings"
    ],
    "author": "Odusanya Victor Olukayode <odusanya18@gmail.com>",
    "license": "ISC",
    "bugs": {
      "url": "https://github.com/PartyCravings/web-app/issues"
    },
    "homepage": "https://github.com/PartyCravings/web-app#readme"
  }

yarn manifest: 
  No manifest

Lockfile: 
  No lockfile

Trace: 
  Error: connect ETIMEDOUT 104.16.60.173:443
      at Object.exports._errnoException (util.js:1020:11)
      at exports._exceptionWithHostPort (util.js:1043:20)
      at TCPConnectWrap.afterConnect [as oncomplete] (net.js:1086:14)
